[debug] [2022-08-27T20:34:56.354Z] ----------------------------------------------------------------------
[debug] [2022-08-27T20:34:56.355Z] Command:       C:\Program Files\nodejs\node.exe C:\Users\diegh\AppData\Roaming\npm\node_modules\firebase-tools\lib\bin\firebase.js init hosting
[debug] [2022-08-27T20:34:56.356Z] CLI Version:   11.8.0
[debug] [2022-08-27T20:34:56.356Z] Platform:      win32
[debug] [2022-08-27T20:34:56.356Z] Node Version:  v18.3.0
[debug] [2022-08-27T20:34:56.357Z] Time:          Sat Aug 27 2022 14:34:56 GMT-0600 (hora estándar central)
[debug] [2022-08-27T20:34:56.357Z] ----------------------------------------------------------------------
[debug] 
[debug] [2022-08-27T20:34:56.414Z] > command requires scopes: ["email","openid","https://www.googleapis.com/auth/cloudplatformprojects.readonly","https://www.googleapis.com/auth/firebase","https://www.googleapis.com/auth/cloud-platform"]
[debug] [2022-08-27T20:34:56.414Z] > authorizing via signed-in user (dieghoxcr7@gmail.com)
[info] 
     ######## #### ########  ######## ########     ###     ######  ########
     ##        ##  ##     ## ##       ##     ##  ##   ##  ##       ##
     ######    ##  ########  ######   ########  #########  ######  ######
     ##        ##  ##    ##  ##       ##     ## ##     ##       ## ##
     ##       #### ##     ## ######## ########  ##     ##  ######  ########

You're about to initialize a Firebase project in this directory:

  C:\Users\diegh\Music\CursoReact\texting

Before we get started, keep in mind:

  * You are initializing within an existing Firebase project directory

[info] 
=== Project Setup
[info] 
[info] First, let's associate this project directory with a Firebase project.
[info] You can create multiple project aliases by running firebase use --add, 
[info] but for now we'll just set up a default project.
[info] 
[debug] [2022-08-27T20:35:06.016Z] Using project from CLI flag: chat-app-223bf
[debug] [2022-08-27T20:35:06.019Z] >>> [apiv2][query] GET https://firebase.googleapis.com/v1beta1/projects/chat-app-223bf [none]
[debug] [2022-08-27T20:35:06.711Z] <<< [apiv2][status] GET https://firebase.googleapis.com/v1beta1/projects/chat-app-223bf 200
[debug] [2022-08-27T20:35:06.711Z] <<< [apiv2][body] GET https://firebase.googleapis.com/v1beta1/projects/chat-app-223bf {"projectId":"chat-app-223bf","projectNumber":"601747915385","displayName":"chat-app","name":"projects/chat-app-223bf","resources":{"hostingSite":"chat-app-223bf","storageBucket":"chat-app-223bf.appspot.com","locationId":"us-central"},"state":"ACTIVE","etag":"1_380f2024-f128-4455-970a-eaa1047c46f2"}
[info] i  Using project chat-app-223bf (chat-app) 
[info] 
=== Hosting Setup
[info] 
[info] Your public directory is the folder (relative to your project directory) that
[info] will contain Hosting assets to be uploaded with firebase deploy. If you
[info] have a build process for your assets, use your build's output directory.
[info] 
